0 info it worked if it ends with ok
1 verbose cli [ '/usr/local/bin/node', '/usr/local/bin/npm', 'start' ]
2 info using npm@3.10.10
3 info using node@v6.11.0
4 verbose run-script [ 'prestart', 'start', 'poststart' ]
5 info lifecycle node-oidc-provider@1.15.6~prestart: node-oidc-provider@1.15.6
6 silly lifecycle node-oidc-provider@1.15.6~prestart: no script for prestart, continuing
7 info lifecycle node-oidc-provider@1.15.6~start: node-oidc-provider@1.15.6
8 verbose lifecycle node-oidc-provider@1.15.6~start: unsafe-perm in lifecycle true
9 verbose lifecycle node-oidc-provider@1.15.6~start: PATH: /usr/local/lib/node_modules/npm/bin/node-gyp-bin:/home/kisalaykumar/Raksan/HCM/oidc-provider/node_modules/.bin:/home/kisalaykumar/bin:/home/kisalaykumar/.local/bin:/usr/local/sbin:/usr/local/bin:/usr/sbin:/usr/bin:/sbin:/bin:/usr/games:/usr/local/games:/snap/bin:/usr/lib/jvm/java-8-oracle/bin:/usr/lib/jvm/java-8-oracle/db/bin:/usr/lib/jvm/java-8-oracle/jre/bin
10 verbose lifecycle node-oidc-provider@1.15.6~start: CWD: /home/kisalaykumar/Raksan/HCM/oidc-provider
11 silly lifecycle node-oidc-provider@1.15.6~start: Args: [ '-c',
11 silly lifecycle   'MONGODB_URI=mongodb://127.0.0.1:27017/test-oidc node .' ]
12 silly lifecycle node-oidc-provider@1.15.6~start: Returned: code: 1  signal: null
13 info lifecycle node-oidc-provider@1.15.6~start: Failed to exec start script
14 verbose stack Error: node-oidc-provider@1.15.6 start: `MONGODB_URI=mongodb://127.0.0.1:27017/test-oidc node .`
14 verbose stack Exit status 1
14 verbose stack     at EventEmitter.<anonymous> (/usr/local/lib/node_modules/npm/lib/utils/lifecycle.js:255:16)
14 verbose stack     at emitTwo (events.js:106:13)
14 verbose stack     at EventEmitter.emit (events.js:191:7)
14 verbose stack     at ChildProcess.<anonymous> (/usr/local/lib/node_modules/npm/lib/utils/spawn.js:40:14)
14 verbose stack     at emitTwo (events.js:106:13)
14 verbose stack     at ChildProcess.emit (events.js:191:7)
14 verbose stack     at maybeClose (internal/child_process.js:891:16)
14 verbose stack     at Process.ChildProcess._handle.onexit (internal/child_process.js:226:5)
15 verbose pkgid node-oidc-provider@1.15.6
16 verbose cwd /home/kisalaykumar/Raksan/HCM/oidc-provider
17 error Linux 4.4.0-83-generic
18 error argv "/usr/local/bin/node" "/usr/local/bin/npm" "start"
19 error node v6.11.0
20 error npm  v3.10.10
21 error code ELIFECYCLE
22 error node-oidc-provider@1.15.6 start: `MONGODB_URI=mongodb://127.0.0.1:27017/test-oidc node .`
22 error Exit status 1
23 error Failed at the node-oidc-provider@1.15.6 start script 'MONGODB_URI=mongodb://127.0.0.1:27017/test-oidc node .'.
23 error Make sure you have the latest version of node.js and npm installed.
23 error If you do, this is most likely a problem with the node-oidc-provider package,
23 error not with npm itself.
23 error Tell the author that this fails on your system:
23 error     MONGODB_URI=mongodb://127.0.0.1:27017/test-oidc node .
23 error You can get information on how to open an issue for this project with:
23 error     npm bugs node-oidc-provider
23 error Or if that isn't available, you can get their info via:
23 error     npm owner ls node-oidc-provider
23 error There is likely additional logging output above.
24 verbose exit [ 1, true ]
